<?xml version="1.0" encoding="UTF-8"?>
<!-- Generated by org.testng.reporters.JUnitXMLReporter -->
<testsuite ignored="0" hostname="KGNLP" failures="0" tests="5" name="regression1" time="208.145" errors="0" timestamp="2022-05-20T22:53:20 CDT">
  <testcase classname="com.salesforce.tests.SFDCLogin" name="checkRememberMe" time="32.841"/>
  <testcase classname="com.salesforce.tests.SFDCLogin" name="emptyPasswordError" time="3.807"/>
  <testcase classname="com.salesforce.tests.SFDCLogin" name="forgotPassword" time="3.142"/>
  <testcase classname="com.salesforce.tests.SFDCLogin" name="loginErrorMessage" time="2.49"/>
  <testcase classname="com.salesforce.tests.SFDCLogin" name="loginToSFDC" time="6.631"/>
</testsuite> <!-- regression1 -->
