<?xml version="1.0" encoding="UTF-8"?>
<testng-results ignored="0" total="5" passed="5" failed="0" skipped="0">
  <reporter-output>
  </reporter-output>
  <suite started-at="2022-05-20T22:49:51 CDT" name="Suite" finished-at="2022-05-20T22:53:19 CDT" duration-ms="208145">
    <groups>
    </groups>
    <test started-at="2022-05-20T22:49:51 CDT" name="regression1" finished-at="2022-05-20T22:53:19 CDT" duration-ms="208145">
      <class name="com.salesforce.tests.SFDCLogin">
        <test-method is-config="true" signature="initialTestSetup()[pri:0, instance:com.salesforce.tests.SFDCLogin@4f18837a]" started-at="2022-05-20T22:49:52 CDT" name="initialTestSetup" finished-at="2022-05-20T22:49:52 CDT" duration-ms="15" status="PASS">
          <reporter-output>
          </reporter-output>
        </test-method> <!-- initialTestSetup -->
        <test-method is-config="true" signature="setUp(java.lang.String)[pri:0, instance:com.salesforce.tests.SFDCLogin@4f18837a]" started-at="2022-05-20T22:49:52 CDT" name="setUp" finished-at="2022-05-20T22:50:36 CDT" duration-ms="43964" status="PASS">
          <params>
            <param index="0">
              <value>
                <![CDATA[chrome]]>
              </value>
            </param>
          </params>
          <reporter-output>
          </reporter-output>
        </test-method> <!-- setUp -->
        <test-method signature="checkRememberMe()[pri:0, instance:com.salesforce.tests.SFDCLogin@4f18837a]" started-at="2022-05-20T22:50:36 CDT" name="checkRememberMe" finished-at="2022-05-20T22:51:09 CDT" duration-ms="32841" status="PASS">
          <reporter-output>
          </reporter-output>
        </test-method> <!-- checkRememberMe -->
        <test-method is-config="true" signature="tearDown()[pri:0, instance:com.salesforce.tests.SFDCLogin@4f18837a]" started-at="2022-05-20T22:51:09 CDT" name="tearDown" finished-at="2022-05-20T22:51:09 CDT" duration-ms="325" status="PASS">
          <reporter-output>
          </reporter-output>
        </test-method> <!-- tearDown -->
        <test-method is-config="true" signature="setUp(java.lang.String)[pri:0, instance:com.salesforce.tests.SFDCLogin@4f18837a]" started-at="2022-05-20T22:51:09 CDT" name="setUp" finished-at="2022-05-20T22:51:37 CDT" duration-ms="28181" status="PASS">
          <params>
            <param index="0">
              <value>
                <![CDATA[chrome]]>
              </value>
            </param>
          </params>
          <reporter-output>
          </reporter-output>
        </test-method> <!-- setUp -->
        <test-method signature="emptyPasswordError()[pri:0, instance:com.salesforce.tests.SFDCLogin@4f18837a]" started-at="2022-05-20T22:51:37 CDT" name="emptyPasswordError" finished-at="2022-05-20T22:51:41 CDT" duration-ms="3807" status="PASS">
          <reporter-output>
          </reporter-output>
        </test-method> <!-- emptyPasswordError -->
        <test-method is-config="true" signature="tearDown()[pri:0, instance:com.salesforce.tests.SFDCLogin@4f18837a]" started-at="2022-05-20T22:51:41 CDT" name="tearDown" finished-at="2022-05-20T22:51:41 CDT" duration-ms="358" status="PASS">
          <reporter-output>
          </reporter-output>
        </test-method> <!-- tearDown -->
        <test-method is-config="true" signature="setUp(java.lang.String)[pri:0, instance:com.salesforce.tests.SFDCLogin@4f18837a]" started-at="2022-05-20T22:51:41 CDT" name="setUp" finished-at="2022-05-20T22:52:10 CDT" duration-ms="28368" status="PASS">
          <params>
            <param index="0">
              <value>
                <![CDATA[chrome]]>
              </value>
            </param>
          </params>
          <reporter-output>
          </reporter-output>
        </test-method> <!-- setUp -->
        <test-method signature="forgotPassword()[pri:0, instance:com.salesforce.tests.SFDCLogin@4f18837a]" started-at="2022-05-20T22:52:10 CDT" name="forgotPassword" finished-at="2022-05-20T22:52:13 CDT" duration-ms="3142" status="PASS">
          <reporter-output>
          </reporter-output>
        </test-method> <!-- forgotPassword -->
        <test-method is-config="true" signature="tearDown()[pri:0, instance:com.salesforce.tests.SFDCLogin@4f18837a]" started-at="2022-05-20T22:52:13 CDT" name="tearDown" finished-at="2022-05-20T22:52:13 CDT" duration-ms="290" status="PASS">
          <reporter-output>
          </reporter-output>
        </test-method> <!-- tearDown -->
        <test-method is-config="true" signature="setUp(java.lang.String)[pri:0, instance:com.salesforce.tests.SFDCLogin@4f18837a]" started-at="2022-05-20T22:52:13 CDT" name="setUp" finished-at="2022-05-20T22:52:41 CDT" duration-ms="28002" status="PASS">
          <params>
            <param index="0">
              <value>
                <![CDATA[chrome]]>
              </value>
            </param>
          </params>
          <reporter-output>
          </reporter-output>
        </test-method> <!-- setUp -->
        <test-method signature="loginErrorMessage()[pri:0, instance:com.salesforce.tests.SFDCLogin@4f18837a]" started-at="2022-05-20T22:52:41 CDT" name="loginErrorMessage" finished-at="2022-05-20T22:52:44 CDT" duration-ms="2490" status="PASS">
          <reporter-output>
          </reporter-output>
        </test-method> <!-- loginErrorMessage -->
        <test-method is-config="true" signature="tearDown()[pri:0, instance:com.salesforce.tests.SFDCLogin@4f18837a]" started-at="2022-05-20T22:52:44 CDT" name="tearDown" finished-at="2022-05-20T22:52:44 CDT" duration-ms="355" status="PASS">
          <reporter-output>
          </reporter-output>
        </test-method> <!-- tearDown -->
        <test-method is-config="true" signature="setUp(java.lang.String)[pri:0, instance:com.salesforce.tests.SFDCLogin@4f18837a]" started-at="2022-05-20T22:52:44 CDT" name="setUp" finished-at="2022-05-20T22:53:12 CDT" duration-ms="28214" status="PASS">
          <params>
            <param index="0">
              <value>
                <![CDATA[chrome]]>
              </value>
            </param>
          </params>
          <reporter-output>
          </reporter-output>
        </test-method> <!-- setUp -->
        <test-method signature="loginToSFDC()[pri:0, instance:com.salesforce.tests.SFDCLogin@4f18837a]" started-at="2022-05-20T22:53:12 CDT" name="loginToSFDC" finished-at="2022-05-20T22:53:19 CDT" duration-ms="6631" status="PASS">
          <reporter-output>
          </reporter-output>
        </test-method> <!-- loginToSFDC -->
        <test-method is-config="true" signature="tearDown()[pri:0, instance:com.salesforce.tests.SFDCLogin@4f18837a]" started-at="2022-05-20T22:53:19 CDT" name="tearDown" finished-at="2022-05-20T22:53:19 CDT" duration-ms="354" status="PASS">
          <reporter-output>
          </reporter-output>
        </test-method> <!-- tearDown -->
        <test-method is-config="true" signature="finalTestTearDown()[pri:0, instance:com.salesforce.tests.SFDCLogin@4f18837a]" started-at="2022-05-20T22:53:19 CDT" name="finalTestTearDown" finished-at="2022-05-20T22:53:19 CDT" duration-ms="1" status="PASS">
          <reporter-output>
          </reporter-output>
        </test-method> <!-- finalTestTearDown -->
      </class> <!-- com.salesforce.tests.SFDCLogin -->
    </test> <!-- regression1 -->
  </suite> <!-- Suite -->
</testng-results>
